Determining if the pthread_create exist failed with the following output:
Change Dir: /home/pcm/桌面/HomeworkOfUSTC/智能机器人/Robotics_Lab2/Lab2_JoinMap/CMakeFiles/CMakeTmp

Run Build Command:"/usr/bin/make" "cmTC_1675c/fast"
/usr/bin/make -f CMakeFiles/cmTC_1675c.dir/build.make CMakeFiles/cmTC_1675c.dir/build
make[1]: 进入目录“/home/pcm/桌面/HomeworkOfUSTC/智能机器人/Robotics_Lab2/Lab2_JoinMap/CMakeFiles/CMakeTmp”
Building C object CMakeFiles/cmTC_1675c.dir/CheckSymbolExists.c.o
/usr/bin/cc    -o CMakeFiles/cmTC_1675c.dir/CheckSymbolExists.c.o   -c /home/pcm/桌面/HomeworkOfUSTC/智能机器人/Robotics_Lab2/Lab2_JoinMap/CMakeFiles/CMakeTmp/CheckSymbolExists.c
Linking C executable cmTC_1675c
/usr/bin/cmake -E cmake_link_script CMakeFiles/cmTC_1675c.dir/link.txt --verbose=1
/usr/bin/cc      -rdynamic CMakeFiles/cmTC_1675c.dir/CheckSymbolExists.c.o  -o cmTC_1675c 
CMakeFiles/cmTC_1675c.dir/CheckSymbolExists.c.o：在函数‘main’中：
CheckSymbolExists.c:(.text+0x1b)：对‘pthread_create’未定义的引用
collect2: error: ld returned 1 exit status
CMakeFiles/cmTC_1675c.dir/build.make:97: recipe for target 'cmTC_1675c' failed
make[1]: *** [cmTC_1675c] Error 1
make[1]: 离开目录“/home/pcm/桌面/HomeworkOfUSTC/智能机器人/Robotics_Lab2/Lab2_JoinMap/CMakeFiles/CMakeTmp”
Makefile:126: recipe for target 'cmTC_1675c/fast' failed
make: *** [cmTC_1675c/fast] Error 2

File /home/pcm/桌面/HomeworkOfUSTC/智能机器人/Robotics_Lab2/Lab2_JoinMap/CMakeFiles/CMakeTmp/CheckSymbolExists.c:
/* */
#include <pthread.h>

int main(int argc, char** argv)
{
  (void)argv;
#ifndef pthread_create
  return ((int*)(&pthread_create))[argc];
#else
  (void)argc;
  return 0;
#endif
}

Determining if the function pthread_create exists in the pthreads failed with the following output:
Change Dir: /home/pcm/桌面/HomeworkOfUSTC/智能机器人/Robotics_Lab2/Lab2_JoinMap/CMakeFiles/CMakeTmp

Run Build Command:"/usr/bin/make" "cmTC_86cfc/fast"
/usr/bin/make -f CMakeFiles/cmTC_86cfc.dir/build.make CMakeFiles/cmTC_86cfc.dir/build
make[1]: 进入目录“/home/pcm/桌面/HomeworkOfUSTC/智能机器人/Robotics_Lab2/Lab2_JoinMap/CMakeFiles/CMakeTmp”
Building C object CMakeFiles/cmTC_86cfc.dir/CheckFunctionExists.c.o
/usr/bin/cc   -DCHECK_FUNCTION_EXISTS=pthread_create   -o CMakeFiles/cmTC_86cfc.dir/CheckFunctionExists.c.o   -c /usr/share/cmake-3.10/Modules/CheckFunctionExists.c
Linking C executable cmTC_86cfc
/usr/bin/cmake -E cmake_link_script CMakeFiles/cmTC_86cfc.dir/link.txt --verbose=1
/usr/bin/cc  -DCHECK_FUNCTION_EXISTS=pthread_create    -rdynamic CMakeFiles/cmTC_86cfc.dir/CheckFunctionExists.c.o  -o cmTC_86cfc -lpthreads 
/usr/bin/ld: 找不到 -lpthreads
collect2: error: ld returned 1 exit status
CMakeFiles/cmTC_86cfc.dir/build.make:97: recipe for target 'cmTC_86cfc' failed
make[1]: *** [cmTC_86cfc] Error 1
make[1]: 离开目录“/home/pcm/桌面/HomeworkOfUSTC/智能机器人/Robotics_Lab2/Lab2_JoinMap/CMakeFiles/CMakeTmp”
Makefile:126: recipe for target 'cmTC_86cfc/fast' failed
make: *** [cmTC_86cfc/fast] Error 2


